<?xml version="1.0" encoding="UTF-8"?>
<testsuite xmlns:xsi="http://www.w3.org/2001/XMLSchema-instance" xsi:noNamespaceSchemaLocation="https://maven.apache.org/surefire/maven-surefire-plugin/xsd/surefire-test-report-3.0.xsd" version="3.0" name="Stepdefinitions.TestRunner" time="0.702" tests="1" errors="0" skipped="0" failures="0">
  <properties>
[...]
</properties>
  <testcase name="Check login with valid credentials" classname="login functionality test" time="0.3">
    <system-out><![CDATA[
@smokefeature @smoketest
Scenario: Check login with valid credentials   # src/test/resources/Features/login.feature:5
Inside Step-user is on login page
  Given user is on login page                  # Stepdefinitions.LoginSteps.user_is_on_login_page()
user enters valid username and password
  When user enters valid username and password # Stepdefinitions.LoginSteps.user_enters_valid_username_and_password()
Inside Step-clicks on login button
  And clicks on login button                   # Stepdefinitions.LoginSteps.clicks_on_login_button()
Inside Step-user is navigated to the home page
  Then user is navigated to the home page      # Stepdefinitions.LoginSteps.user_is_navigated_to_the_home_page()
]]></system-out>
    <system-err><![CDATA[Aug 04, 2025 5:50:23 PM io.cucumber.junit.Cucumber <init>
WARNING: By default Cucumber is running in --non-strict mode.
This default will change to --strict and --non-strict will be removed.
You can use --strict or @CucumberOptions(strict = true) to suppress this warning
]]></system-err>
  </testcase>
</testsuite>